<?xml version="1.0" encoding="UTF-8"?>
<!-- Generated by org.testng.reporters.JUnitXMLReporter -->
<testsuite ignored="2" hostname="DESKTOP-95JHPA7" failures="0" tests="2" name="Test" time="9.611" errors="0" timestamp="2024-02-17T19:46:29 IST">
  <testcase classname="com.selenium.TestNG" name="test2" time="0.01"/>
  <testcase classname="com.selenium.App" name="Apptest" time="9.562"/>
  <testcase classname="com.selenium.TestNG" name="test1" time="0.0">
    <ignored/>
  </testcase> <!-- test1 -->
  <testcase classname="com.selenium.TestNG" name="test3" time="0.0">
    <ignored/>
  </testcase> <!-- test3 -->
</testsuite> <!-- Test -->
